<?xml version="1.0" encoding="UTF-8"?>
<!-- Generated by org.testng.reporters.JUnitReportReporter -->
<testsuite hostname="DESKTOP-MNPR1TA" failures="0" tests="1" name="mpack.OneTest" time="22.074" errors="0" timestamp="2024-11-27T11:27:46 IST" skipped="0">
  <testcase classname="mpack.OneTest" name="mOne" time="22.074"/>
  <system-out/>
</testsuite> <!-- mpack.OneTest -->
