<?xml version="1.0" encoding="UTF-8"?>
<!-- Generated by org.testng.reporters.JUnitReportReporter -->
<testsuite hostname="DESKTOP-MNPR1TA" failures="0" tests="1" name="mpack.TwoTest" time="0.001" errors="0" timestamp="2024-11-27T19:46:05 IST" skipped="0">
  <testcase classname="mpack.TwoTest" name="mOne" time="0.001"/>
  <system-out/>
</testsuite> <!-- mpack.TwoTest -->
