<?xml version="1.0" encoding="UTF-8"?>
<!-- Generated by org.testng.reporters.JUnitReportReporter -->
<testsuite hostname="DESKTOP-MNPR1TA" failures="0" tests="1" name="mpack.OneTest" time="16.735" errors="0" timestamp="2024-11-27T19:46:05 IST" skipped="0">
  <testcase classname="mpack.OneTest" name="mOne" time="16.735"/>
  <system-out/>
</testsuite> <!-- mpack.OneTest -->
