<?xml version="1.0" encoding="UTF-8"?>
<!-- Generated by org.testng.reporters.JUnitReportReporter -->
<testsuite hostname="DESKTOP-MNPR1TA" failures="0" tests="1" name="mpack.ThreeTest" time="0.008" errors="0" timestamp="2024-11-27T19:46:05 IST" skipped="0">
  <testcase classname="mpack.ThreeTest" name="mOne" time="0.008"/>
  <system-out/>
</testsuite> <!-- mpack.ThreeTest -->
